d:\hwl\deeplearnintv1.0\dplearningv1.0\dplearningv1.0\x64\release\deeplearningtool15_x64u.pch
d:\hwl\deeplearnintv1.0\dplearningv1.0\dplearningv1.0\x64\release\vc140.pdb
d:\hwl\deeplearnintv1.0\dplearningv1.0\dplearningv1.0\x64\release\stdafx.obj
d:\hwl\deeplearnintv1.0\dplearningv1.0\dplearningv1.0\x64\release\deeplearningtool.obj
d:\hwl\deeplearnintv1.0\dplearningv1.0\dplearningv1.0\x64\release\aisilkglassclassifiertool.obj
d:\hwl\deeplearnintv1.0\dplearningv1.0\dplearningv1.0\x64\release\aisegmentbuildtool.obj
d:\hwl\deeplearnintv1.0\dplearningv1.0\dplearningv1.0\x64\release\aiglassclassifiertool.obj
d:\hwl\deeplearnintv1.0\dplearningv1.0\dplearningv1.0\x64\release\aidetectbuildtool.obj
d:\hwl\deeplearnintv1.0\dplearningv1.0\dplearningv1.0\x64\release\aidcpclassifiertool.obj
d:\hwl\deeplearnintv1.0\dplearningv1.0\dplearningv1.0\x64\release\aiclassifiertool.obj
d:\hwl\deeplearnintv1.0\dplearningv1.0\dplearningv1.0\x64\release\dllmain.obj
d:\hwl\deeplearnintv1.0\dplearningv1.0\x64\release\deeplearningtool15_x64u.lib
d:\hwl\deeplearnintv1.0\dplearningv1.0\x64\release\deeplearningtool15_x64u.exp
d:\hwl\deeplearnintv1.0\dplearningv1.0\x64\release\deeplearningtool15_x64u.dll
d:\hwl\deeplearnintv1.0\dplearningv1.0\x64\release\deeplearningtool15_x64u.ipdb
d:\hwl\deeplearnintv1.0\dplearningv1.0\x64\release\deeplearningtool15_x64u.iobj
d:\hwl\deeplearnintv1.0\dplearningv1.0\dplearningv1.0\x64\release\deeplearningtool.tlog\cl.command.1.tlog
d:\hwl\deeplearnintv1.0\dplearningv1.0\dplearningv1.0\x64\release\deeplearningtool.tlog\cl.read.1.tlog
d:\hwl\deeplearnintv1.0\dplearningv1.0\dplearningv1.0\x64\release\deeplearningtool.tlog\cl.write.1.tlog
d:\hwl\deeplearnintv1.0\dplearningv1.0\dplearningv1.0\x64\release\deeplearningtool.tlog\deeplearningtool.write.1u.tlog
d:\hwl\deeplearnintv1.0\dplearningv1.0\dplearningv1.0\x64\release\deeplearningtool.tlog\link.command.1.tlog
d:\hwl\deeplearnintv1.0\dplearningv1.0\dplearningv1.0\x64\release\deeplearningtool.tlog\link.read.1.tlog
d:\hwl\deeplearnintv1.0\dplearningv1.0\dplearningv1.0\x64\release\deeplearningtool.tlog\link.write.1.tlog
