d:\hwl\deeplearnintv1.0\dplearningv1.0\dplearningv1.0\x64\release\dplearningv1.pch
d:\hwl\deeplearnintv1.0\dplearningv1.0\dplearningv1.0\x64\release\vc140.pdb
d:\hwl\deeplearnintv1.0\dplearningv1.0\dplearningv1.0\x64\release\stdafx.obj
d:\hwl\deeplearnintv1.0\dplearningv1.0\dplearningv1.0\x64\release\deeplearningtool.obj
d:\hwl\deeplearnintv1.0\dplearningv1.0\dplearningv1.0\x64\release\aisegmentbuildtool.obj
d:\hwl\deeplearnintv1.0\dplearningv1.0\dplearningv1.0\x64\release\aidetectbuildtool.obj
d:\hwl\deeplearnintv1.0\dplearningv1.0\dplearningv1.0\x64\release\aiclassifiertool.obj
d:\hwl\deeplearnintv1.0\dplearningv1.0\dplearningv1.0\x64\release\aibasebuildtool.obj
d:\hwl\deeplearnintv1.0\dplearningv1.0\dplearningv1.0\x64\release\dllmain.obj
d:\hwl\deeplearnintv1.0\dplearningv1.0\x64\release\dplearningv1.lib
d:\hwl\deeplearnintv1.0\dplearningv1.0\x64\release\dplearningv1.exp
d:\hwl\deeplearnintv1.0\dplearningv1.0\x64\release\dplearningv1.dll
d:\hwl\deeplearnintv1.0\dplearningv1.0\x64\release\dplearningv1.ipdb
d:\hwl\deeplearnintv1.0\dplearningv1.0\x64\release\dplearningv1.iobj
d:\hwl\deeplearnintv1.0\dplearningv1.0\x64\release\dplearningv1.pdb
d:\hwl\deeplearnintv1.0\dplearningv1.0\dplearningv1.0\x64\release\dplearningv1.tlog\cl.command.1.tlog
d:\hwl\deeplearnintv1.0\dplearningv1.0\dplearningv1.0\x64\release\dplearningv1.tlog\cl.read.1.tlog
d:\hwl\deeplearnintv1.0\dplearningv1.0\dplearningv1.0\x64\release\dplearningv1.tlog\cl.write.1.tlog
d:\hwl\deeplearnintv1.0\dplearningv1.0\dplearningv1.0\x64\release\dplearningv1.tlog\dplearningv1.write.1u.tlog
d:\hwl\deeplearnintv1.0\dplearningv1.0\dplearningv1.0\x64\release\dplearningv1.tlog\link.command.1.tlog
d:\hwl\deeplearnintv1.0\dplearningv1.0\dplearningv1.0\x64\release\dplearningv1.tlog\link.read.1.tlog
d:\hwl\deeplearnintv1.0\dplearningv1.0\dplearningv1.0\x64\release\dplearningv1.tlog\link.write.1.tlog
