d:\hwl\deeplearnintv1.0\dplearningv1.0\dplearningv1.0\x64\debug\deeplearningtool15_x64ud.pch
d:\hwl\deeplearnintv1.0\dplearningv1.0\dplearningv1.0\x64\debug\vc140.pdb
d:\hwl\deeplearnintv1.0\dplearningv1.0\dplearningv1.0\x64\debug\vc140.idb
d:\hwl\deeplearnintv1.0\dplearningv1.0\dplearningv1.0\x64\debug\stdafx.obj
d:\hwl\deeplearnintv1.0\dplearningv1.0\dplearningv1.0\x64\debug\aiclassifiertool.obj
d:\hwl\deeplearnintv1.0\dplearningv1.0\dplearningv1.0\x64\debug\aidcpclassifiertool.obj
d:\hwl\deeplearnintv1.0\dplearningv1.0\dplearningv1.0\x64\debug\aidetectbuildtool.obj
d:\hwl\deeplearnintv1.0\dplearningv1.0\dplearningv1.0\x64\debug\aiglassclassifiertool.obj
d:\hwl\deeplearnintv1.0\dplearningv1.0\dplearningv1.0\x64\debug\aisegmentbuildtool.obj
d:\hwl\deeplearnintv1.0\dplearningv1.0\dplearningv1.0\x64\debug\aisilkglassclassifiertool.obj
d:\hwl\deeplearnintv1.0\dplearningv1.0\dplearningv1.0\x64\debug\deeplearningtool.obj
d:\hwl\deeplearnintv1.0\dplearningv1.0\dplearningv1.0\x64\debug\dllmain.obj
d:\hwl\deeplearnintv1.0\dplearningv1.0\x64\debug\deeplearningtool15_x64ud.lib
d:\hwl\deeplearnintv1.0\dplearningv1.0\x64\debug\deeplearningtool15_x64ud.exp
d:\hwl\deeplearnintv1.0\dplearningv1.0\x64\debug\deeplearningtool15_x64ud.ilk
d:\hwl\deeplearnintv1.0\dplearningv1.0\x64\debug\deeplearningtool15_x64ud.dll
d:\hwl\deeplearnintv1.0\dplearningv1.0\x64\debug\deeplearningtool15_x64ud.pdb
d:\hwl\deeplearnintv1.0\dplearningv1.0\dplearningv1.0\x64\debug\deeplearningtool.tlog\cl.command.1.tlog
d:\hwl\deeplearnintv1.0\dplearningv1.0\dplearningv1.0\x64\debug\deeplearningtool.tlog\cl.read.1.tlog
d:\hwl\deeplearnintv1.0\dplearningv1.0\dplearningv1.0\x64\debug\deeplearningtool.tlog\cl.write.1.tlog
d:\hwl\deeplearnintv1.0\dplearningv1.0\dplearningv1.0\x64\debug\deeplearningtool.tlog\deeplearningtool.write.1u.tlog
d:\hwl\deeplearnintv1.0\dplearningv1.0\dplearningv1.0\x64\debug\deeplearningtool.tlog\link.command.1.tlog
d:\hwl\deeplearnintv1.0\dplearningv1.0\dplearningv1.0\x64\debug\deeplearningtool.tlog\link.read.1.tlog
d:\hwl\deeplearnintv1.0\dplearningv1.0\dplearningv1.0\x64\debug\deeplearningtool.tlog\link.write.1.tlog
