d:\hwl\deeplearnintv1.0\dplearningv1.0\dplearningv1.0\x64\debug\dplearningv1.pch
d:\hwl\deeplearnintv1.0\dplearningv1.0\dplearningv1.0\x64\debug\vc140.pdb
d:\hwl\deeplearnintv1.0\dplearningv1.0\dplearningv1.0\x64\debug\vc140.idb
d:\hwl\deeplearnintv1.0\dplearningv1.0\dplearningv1.0\x64\debug\stdafx.obj
d:\hwl\deeplearnintv1.0\dplearningv1.0\dplearningv1.0\x64\debug\aiclassifiertool.obj
d:\hwl\deeplearnintv1.0\dplearningv1.0\dplearningv1.0\x64\debug\aidetectbuildtool.obj
d:\hwl\deeplearnintv1.0\dplearningv1.0\dplearningv1.0\x64\debug\aisegmentbuildtool.obj
d:\hwl\deeplearnintv1.0\dplearningv1.0\dplearningv1.0\x64\debug\dllmain.obj
d:\hwl\deeplearnintv1.0\dplearningv1.0\x64\debug\dplearningv1.lib
d:\hwl\deeplearnintv1.0\dplearningv1.0\x64\debug\dplearningv1.exp
d:\hwl\deeplearnintv1.0\dplearningv1.0\x64\debug\dplearningv1.ilk
d:\hwl\deeplearnintv1.0\dplearningv1.0\x64\debug\dplearningv1.dll
d:\hwl\deeplearnintv1.0\dplearningv1.0\x64\debug\dplearningv1.pdb
d:\hwl\deeplearnintv1.0\dplearningv1.0\dplearningv1.0\x64\debug\dplearningv1.tlog\cl.command.1.tlog
d:\hwl\deeplearnintv1.0\dplearningv1.0\dplearningv1.0\x64\debug\dplearningv1.tlog\cl.read.1.tlog
d:\hwl\deeplearnintv1.0\dplearningv1.0\dplearningv1.0\x64\debug\dplearningv1.tlog\cl.write.1.tlog
d:\hwl\deeplearnintv1.0\dplearningv1.0\dplearningv1.0\x64\debug\dplearningv1.tlog\dplearningv1.write.1u.tlog
d:\hwl\deeplearnintv1.0\dplearningv1.0\dplearningv1.0\x64\debug\dplearningv1.tlog\link.command.1.tlog
d:\hwl\deeplearnintv1.0\dplearningv1.0\dplearningv1.0\x64\debug\dplearningv1.tlog\link.read.1.tlog
d:\hwl\deeplearnintv1.0\dplearningv1.0\dplearningv1.0\x64\debug\dplearningv1.tlog\link.write.1.tlog
